<?xml version="1.0" encoding="UTF-8"?>
<testng-results ignored="0" total="7" passed="7" failed="0" skipped="0">
  <reporter-output>
  </reporter-output>
  <suite started-at="2018-11-10T23:37:59Z" name="Suite" finished-at="2018-11-10T23:37:59Z" duration-ms="96">
    <groups>
    </groups>
    <test started-at="2018-11-10T23:37:59Z" name="Test" finished-at="2018-11-10T23:37:59Z" duration-ms="96">
      <class name="farzana.zigattacodechallenge.test.LongestWordsParserTest">
        <test-method is-config="true" signature="beforeMethod()[pri:0, instance:farzana.zigattacodechallenge.test.LongestWordsParserTest@40005471]" started-at="2018-11-10T23:37:59Z" name="beforeMethod" finished-at="2018-11-10T23:37:59Z" duration-ms="8" status="PASS">
          <reporter-output>
          </reporter-output>
        </test-method> <!-- beforeMethod -->
        <test-method signature="test_Longest_Words(farzana.zigattacodechallenge.test.LongestWordTestModel)[pri:0, instance:farzana.zigattacodechallenge.test.LongestWordsParserTest@40005471]" started-at="2018-11-10T23:37:59Z" name="test_Longest_Words" data-provider="longestWordsDataProvider" finished-at="2018-11-10T23:37:59Z" duration-ms="12" status="PASS">
          <params>
            <param index="0">
              <value>
                <![CDATA[farzana.zigattacodechallenge.test.LongestWordsParserTest$1@2cd2a21f]]>
              </value>
            </param>
          </params>
          <reporter-output>
          </reporter-output>
        </test-method> <!-- test_Longest_Words -->
        <test-method is-config="true" signature="beforeMethod()[pri:0, instance:farzana.zigattacodechallenge.test.LongestWordsParserTest@40005471]" started-at="2018-11-10T23:37:59Z" name="beforeMethod" finished-at="2018-11-10T23:37:59Z" duration-ms="1" status="PASS">
          <reporter-output>
          </reporter-output>
        </test-method> <!-- beforeMethod -->
        <test-method signature="test_Longest_Words(farzana.zigattacodechallenge.test.LongestWordTestModel)[pri:0, instance:farzana.zigattacodechallenge.test.LongestWordsParserTest@40005471]" started-at="2018-11-10T23:37:59Z" name="test_Longest_Words" data-provider="longestWordsDataProvider" finished-at="2018-11-10T23:37:59Z" duration-ms="2" status="PASS">
          <params>
            <param index="0">
              <value>
                <![CDATA[farzana.zigattacodechallenge.test.LongestWordsParserTest$2@be35cd9]]>
              </value>
            </param>
          </params>
          <reporter-output>
          </reporter-output>
        </test-method> <!-- test_Longest_Words -->
        <test-method is-config="true" signature="beforeMethod()[pri:0, instance:farzana.zigattacodechallenge.test.LongestWordsParserTest@40005471]" started-at="2018-11-10T23:37:59Z" name="beforeMethod" finished-at="2018-11-10T23:37:59Z" duration-ms="0" status="PASS">
          <reporter-output>
          </reporter-output>
        </test-method> <!-- beforeMethod -->
        <test-method signature="test_Longest_Words(farzana.zigattacodechallenge.test.LongestWordTestModel)[pri:0, instance:farzana.zigattacodechallenge.test.LongestWordsParserTest@40005471]" started-at="2018-11-10T23:37:59Z" name="test_Longest_Words" data-provider="longestWordsDataProvider" finished-at="2018-11-10T23:37:59Z" duration-ms="3" status="PASS">
          <params>
            <param index="0">
              <value>
                <![CDATA[farzana.zigattacodechallenge.test.LongestWordsParserTest$3@a3d8174]]>
              </value>
            </param>
          </params>
          <reporter-output>
          </reporter-output>
        </test-method> <!-- test_Longest_Words -->
        <test-method is-config="true" signature="beforeMethod()[pri:0, instance:farzana.zigattacodechallenge.test.LongestWordsParserTest@40005471]" started-at="2018-11-10T23:37:59Z" name="beforeMethod" finished-at="2018-11-10T23:37:59Z" duration-ms="0" status="PASS">
          <reporter-output>
          </reporter-output>
        </test-method> <!-- beforeMethod -->
        <test-method signature="test_Longest_Words(farzana.zigattacodechallenge.test.LongestWordTestModel)[pri:0, instance:farzana.zigattacodechallenge.test.LongestWordsParserTest@40005471]" started-at="2018-11-10T23:37:59Z" name="test_Longest_Words" data-provider="longestWordsDataProvider" finished-at="2018-11-10T23:37:59Z" duration-ms="2" status="PASS">
          <params>
            <param index="0">
              <value>
                <![CDATA[farzana.zigattacodechallenge.test.LongestWordsParserTest$4@272ed83b]]>
              </value>
            </param>
          </params>
          <reporter-output>
          </reporter-output>
        </test-method> <!-- test_Longest_Words -->
        <test-method is-config="true" signature="beforeMethod()[pri:0, instance:farzana.zigattacodechallenge.test.LongestWordsParserTest@40005471]" started-at="2018-11-10T23:37:59Z" name="beforeMethod" finished-at="2018-11-10T23:37:59Z" duration-ms="1" status="PASS">
          <reporter-output>
          </reporter-output>
        </test-method> <!-- beforeMethod -->
        <test-method signature="test_Longest_Words(farzana.zigattacodechallenge.test.LongestWordTestModel)[pri:0, instance:farzana.zigattacodechallenge.test.LongestWordsParserTest@40005471]" started-at="2018-11-10T23:37:59Z" name="test_Longest_Words" data-provider="longestWordsDataProvider" finished-at="2018-11-10T23:37:59Z" duration-ms="2" status="PASS">
          <params>
            <param index="0">
              <value>
                <![CDATA[farzana.zigattacodechallenge.test.LongestWordsParserTest$5@625732]]>
              </value>
            </param>
          </params>
          <reporter-output>
          </reporter-output>
        </test-method> <!-- test_Longest_Words -->
        <test-method signature="test_Longest_Words(farzana.zigattacodechallenge.test.LongestWordTestModel)[pri:0, instance:farzana.zigattacodechallenge.test.LongestWordsParserTest@40005471]" started-at="2018-11-10T23:37:59Z" name="test_Longest_Words" data-provider="longestWordsDataProvider" finished-at="2018-11-10T23:37:59Z" duration-ms="1" status="PASS">
          <params>
            <param index="0">
              <value>
                <![CDATA[farzana.zigattacodechallenge.test.LongestWordsParserTest$6@cad498c]]>
              </value>
            </param>
          </params>
          <reporter-output>
          </reporter-output>
        </test-method> <!-- test_Longest_Words -->
        <test-method is-config="true" signature="beforeMethod()[pri:0, instance:farzana.zigattacodechallenge.test.LongestWordsParserTest@40005471]" started-at="2018-11-10T23:37:59Z" name="beforeMethod" finished-at="2018-11-10T23:37:59Z" duration-ms="0" status="PASS">
          <reporter-output>
          </reporter-output>
        </test-method> <!-- beforeMethod -->
        <test-method is-config="true" signature="beforeMethod()[pri:0, instance:farzana.zigattacodechallenge.test.LongestWordsParserTest@40005471]" started-at="2018-11-10T23:37:59Z" name="beforeMethod" finished-at="2018-11-10T23:37:59Z" duration-ms="1" status="PASS">
          <reporter-output>
          </reporter-output>
        </test-method> <!-- beforeMethod -->
        <test-method signature="test_Longest_Words(farzana.zigattacodechallenge.test.LongestWordTestModel)[pri:0, instance:farzana.zigattacodechallenge.test.LongestWordsParserTest@40005471]" started-at="2018-11-10T23:37:59Z" name="test_Longest_Words" data-provider="longestWordsDataProvider" finished-at="2018-11-10T23:37:59Z" duration-ms="2" status="PASS">
          <params>
            <param index="0">
              <value>
                <![CDATA[farzana.zigattacodechallenge.test.LongestWordsParserTest$7@b62d79]]>
              </value>
            </param>
          </params>
          <reporter-output>
          </reporter-output>
        </test-method> <!-- test_Longest_Words -->
      </class> <!-- farzana.zigattacodechallenge.test.LongestWordsParserTest -->
    </test> <!-- Test -->
  </suite> <!-- Suite -->
</testng-results>
