<?xml version="1.0" encoding="UTF-8"?>
<!-- Generated by org.testng.reporters.JUnitXMLReporter -->
<testsuite ignored="0" hostname="vsoft-moh2" failures="0" tests="7" name="Default test" time="0.106" errors="0" timestamp="10 Nov 2018 23:37:03 GMT">
  <testcase classname="farzana.zigattacodechallenge.test.LongestWordsParserTest" name="test_Longest_Words" time="0.012"/>
  <testcase classname="farzana.zigattacodechallenge.test.LongestWordsParserTest" name="test_Longest_Words" time="0.003"/>
  <testcase classname="farzana.zigattacodechallenge.test.LongestWordsParserTest" name="test_Longest_Words" time="0.002"/>
  <testcase classname="farzana.zigattacodechallenge.test.LongestWordsParserTest" name="test_Longest_Words" time="0.002"/>
  <testcase classname="farzana.zigattacodechallenge.test.LongestWordsParserTest" name="test_Longest_Words" time="0.002"/>
  <testcase classname="farzana.zigattacodechallenge.test.LongestWordsParserTest" name="test_Longest_Words" time="0.002"/>
  <testcase classname="farzana.zigattacodechallenge.test.LongestWordsParserTest" name="test_Longest_Words" time="0.003"/>
</testsuite> <!-- Default test -->
